<?xml version="1.0" encoding="UTF-8"?>
<!-- Generated by org.testng.reporters.JUnitReportReporter -->
<testsuite skipped="0" hostname="192-168-1-101.tpgi.com.au" name="com.restassured.WeatherTest" tests="4" failures="0" timestamp="2021-01-28T22:39:49 AEDT" time="4.555" errors="0">
  <testcase name="testSuccessResponseCode" time="0.651" classname="com.restassured.WeatherTest"/>
  <system-out/>
  <testcase name="testThursAndFriInResponse" time="0.613" classname="com.restassured.WeatherTest"/>
  <system-out/>
  <testcase name="getResponseBody" time="1.732" classname="com.restassured.WeatherTest"/>
  <system-out/>
  <testcase name="testSchemaValidation" time="1.559" classname="com.restassured.WeatherTest"/>
  <system-out/>
</testsuite> <!-- com.restassured.WeatherTest -->
