<?xml version="1.0" encoding="UTF-8"?>
<!-- Generated by org.testng.reporters.JUnitReportReporter -->
<testsuite skipped="0" hostname="192-168-1-101.tpgi.com.au" name="com.restassured.test.WeatherTest" tests="5" failures="0" timestamp="2021-01-31T16:37:26 AEDT" time="4.697" errors="0">
  <testcase name="testCountNoOfThursAndFriInResponse" time="0.591" classname="com.restassured.test.WeatherTest"/>
  <system-out/>
  <testcase name="testSuccessResponseCode" time="0.587" classname="com.restassured.test.WeatherTest"/>
  <system-out/>
  <testcase name="getResponseBody" time="1.890" classname="com.restassured.test.WeatherTest"/>
  <system-out/>
  <testcase name="testSchemaValidation" time="1.063" classname="com.restassured.test.WeatherTest"/>
  <system-out/>
  <testcase name="testFindSuitableDate" time="0.566" classname="com.restassured.test.WeatherTest"/>
  <system-out/>
</testsuite> <!-- com.restassured.test.WeatherTest -->
